Determining if the pthread_create exist failed with the following output:
Change Dir: /home/mahua/tircgo_gmapping_ws/build/CMakeFiles/CMakeTmp

Run Build Command:"/usr/bin/make" "cmTC_dad53/fast"
/usr/bin/make -f CMakeFiles/cmTC_dad53.dir/build.make CMakeFiles/cmTC_dad53.dir/build
make[1]: Entering directory '/home/mahua/tircgo_gmapping_ws/build/CMakeFiles/CMakeTmp'
Building C object CMakeFiles/cmTC_dad53.dir/CheckSymbolExists.c.o
/usr/bin/cc    -o CMakeFiles/cmTC_dad53.dir/CheckSymbolExists.c.o   -c /home/mahua/tircgo_gmapping_ws/build/CMakeFiles/CMakeTmp/CheckSymbolExists.c
Linking C executable cmTC_dad53
/usr/bin/cmake -E cmake_link_script CMakeFiles/cmTC_dad53.dir/link.txt --verbose=1
/usr/bin/cc      -rdynamic CMakeFiles/cmTC_dad53.dir/CheckSymbolExists.c.o  -o cmTC_dad53 
CMakeFiles/cmTC_dad53.dir/CheckSymbolExists.c.o: In function `main':
CheckSymbolExists.c:(.text+0x1b): undefined reference to `pthread_create'
collect2: error: ld returned 1 exit status
CMakeFiles/cmTC_dad53.dir/build.make:97: recipe for target 'cmTC_dad53' failed
make[1]: *** [cmTC_dad53] Error 1
make[1]: Leaving directory '/home/mahua/tircgo_gmapping_ws/build/CMakeFiles/CMakeTmp'
Makefile:126: recipe for target 'cmTC_dad53/fast' failed
make: *** [cmTC_dad53/fast] Error 2

File /home/mahua/tircgo_gmapping_ws/build/CMakeFiles/CMakeTmp/CheckSymbolExists.c:
/* */
#include <pthread.h>

int main(int argc, char** argv)
{
  (void)argv;
#ifndef pthread_create
  return ((int*)(&pthread_create))[argc];
#else
  (void)argc;
  return 0;
#endif
}

Determining if the function pthread_create exists in the pthreads failed with the following output:
Change Dir: /home/mahua/tircgo_gmapping_ws/build/CMakeFiles/CMakeTmp

Run Build Command:"/usr/bin/make" "cmTC_9b1da/fast"
/usr/bin/make -f CMakeFiles/cmTC_9b1da.dir/build.make CMakeFiles/cmTC_9b1da.dir/build
make[1]: Entering directory '/home/mahua/tircgo_gmapping_ws/build/CMakeFiles/CMakeTmp'
Building C object CMakeFiles/cmTC_9b1da.dir/CheckFunctionExists.c.o
/usr/bin/cc   -DCHECK_FUNCTION_EXISTS=pthread_create   -o CMakeFiles/cmTC_9b1da.dir/CheckFunctionExists.c.o   -c /usr/share/cmake-3.10/Modules/CheckFunctionExists.c
Linking C executable cmTC_9b1da
/usr/bin/cmake -E cmake_link_script CMakeFiles/cmTC_9b1da.dir/link.txt --verbose=1
/usr/bin/cc  -DCHECK_FUNCTION_EXISTS=pthread_create    -rdynamic CMakeFiles/cmTC_9b1da.dir/CheckFunctionExists.c.o  -o cmTC_9b1da -lpthreads 
/usr/bin/ld: cannot find -lpthreads
collect2: error: ld returned 1 exit status
CMakeFiles/cmTC_9b1da.dir/build.make:97: recipe for target 'cmTC_9b1da' failed
make[1]: *** [cmTC_9b1da] Error 1
make[1]: Leaving directory '/home/mahua/tircgo_gmapping_ws/build/CMakeFiles/CMakeTmp'
Makefile:126: recipe for target 'cmTC_9b1da/fast' failed
make: *** [cmTC_9b1da/fast] Error 2


